{"level":"info","message":"Posts obtidos com sucesso!"}
{"level":"error","message":"Ops, alguma coisa correu mal"}
{"level":"info","message":"Posts obtidos com sucesso!"}
{"level":"error","message":"Ops, alguma coisa correu mal"}
{"level":"error","message":"Ops, alguma coisa correu mal"}
{"level":"error","message":"Ops, alguma coisa correu mal"}
{"level":"error","message":"Ops, alguma coisa correu mal"}
{"level":"error","message":"Ops, alguma coisa correu mal"}
{"level":"error","message":"Ops, alguma coisa correu mal"}
{"level":"error","message":"Ops, alguma coisa correu mal"}
{"level":"error","message":"Ops, alguma coisa correu mal"}
{"level":"error","message":"Ops, alguma coisa correu mal"}
{"level":"error","message":"Ops, alguma coisa correu mal"}
{"level":"error","message":"Ops, alguma coisa correu mal"}
{"level":"error","message":"Ops, alguma coisa correu mal"}
{"level":"info","message":"Posts obtidos com sucesso!"}
{"level":"info","message":"Posts obtidos com sucesso!"}
{"level":"info","message":"Posts obtidos com sucesso!"}
{"level":"info","message":"Posts obtidos com sucesso!"}
{"level":"info","message":"Posts obtidos com sucesso!"}
{"level":"info","message":"Posts obtidos com sucesso!"}
{"level":"info","message":"Posts obtidos com sucesso!"}
{"level":"info","message":"Posts obtidos com sucesso!"}
{"level":"info","message":"Posts obtidos com sucesso!"}
{"level":"info","message":"Posts obtidos com sucesso!"}
{"level":"info","message":"Posts obtidos com sucesso!"}
{"level":"info","message":"Posts obtidos com sucesso!"}
{"level":"info","message":"Posts obtidos com sucesso!"}
{"level":"info","message":"Posts obtidos com sucesso!"}
{"level":"info","message":"Posts obtidos com sucesso!"}
{"level":"info","message":"Posts obtidos com sucesso!"}
{"level":"info","message":"Posts obtidos com sucesso!"}
{"level":"info","message":"Posts obtidos com sucesso!"}
{"level":"info","message":"Posts obtidos com sucesso!"}
{"level":"info","message":"Posts obtidos com sucesso!"}
{"level":"info","message":"Posts obtidos com sucesso!"}
{"level":"info","message":"Posts obtidos com sucesso!"}
{"level":"info","message":"Posts obtidos com sucesso!"}
{"level":"info","message":"Posts obtidos com sucesso!"}
{"level":"info","message":"Posts obtidos com sucesso!"}
{"level":"info","message":"Posts obtidos com sucesso!"}
{"level":"info","message":"Posts obtidos com sucesso!"}
{"level":"info","message":"Posts obtidos com sucesso!"}
{"level":"info","message":"Posts obtidos com sucesso!"}
{"level":"info","message":"Posts obtidos com sucesso!"}
{"level":"info","message":"Posts obtidos com sucesso!"}
{"level":"info","message":"Posts obtidos com sucesso!"}
{"level":"info","message":"Posts obtidos com sucesso!"}
{"level":"info","message":"Posts obtidos com sucesso!"}
{"level":"info","message":"Posts obtidos com sucesso!"}
{"level":"info","message":"Posts obtidos com sucesso!"}
{"level":"info","message":"Posts obtidos com sucesso!"}
{"level":"info","message":"Posts obtidos com sucesso!"}
{"level":"info","message":"Posts obtidos com sucesso!"}
{"level":"info","message":"Posts obtidos com sucesso!"}
{"level":"info","message":"Posts obtidos com sucesso!"}
{"level":"info","message":"Posts obtidos com sucesso!"}
{"level":"info","message":"Posts obtidos com sucesso!"}
{"level":"info","message":"Posts obtidos com sucesso!"}
{"level":"info","message":"Posts obtidos com sucesso!"}
{"level":"info","message":"Posts obtidos com sucesso!"}
{"level":"info","message":"Posts obtidos com sucesso!"}
{"level":"info","message":"Posts obtidos com sucesso!"}
{"level":"info","message":"Posts obtidos com sucesso!"}
{"level":"info","message":"Posts obtidos com sucesso!"}
{"level":"info","message":"Posts obtidos com sucesso!"}
{"level":"info","message":"Posts obtidos com sucesso!"}
{"level":"info","message":"Posts obtidos com sucesso!"}
{"level":"info","message":"Posts obtidos com sucesso!"}
{"level":"info","message":"Posts obtidos com sucesso!"}
{"level":"info","message":"Posts obtidos com sucesso!"}
{"level":"info","message":"Posts obtidos com sucesso!"}
{"level":"info","message":"Posts obtidos com sucesso!"}
{"level":"info","message":"Posts obtidos com sucesso!"}
{"level":"info","message":"Posts obtidos com sucesso!"}
{"level":"info","message":"Posts obtidos com sucesso!"}
{"level":"info","message":"Posts obtidos com sucesso!"}
{"level":"info","message":"Posts obtidos com sucesso!"}
{"level":"info","message":"Posts obtidos com sucesso!"}
{"level":"info","message":"Posts obtidos com sucesso!"}
{"level":"info","message":"Posts obtidos com sucesso!"}
{"level":"info","message":"Posts obtidos com sucesso!"}
{"level":"info","message":"Posts obtidos com sucesso!"}
{"level":"info","message":"Post obtido com sucesso!"}
{"level":"info","message":"Post obtido com sucesso!"}
{"level":"info","message":"Post obtido com sucesso!"}
{"level":"info","message":"Posts obtidos com sucesso!"}
{"level":"info","message":"Post obtido com sucesso!"}
{"level":"info","message":"Posts obtidos com sucesso!"}
{"level":"info","message":"Post obtido com sucesso!"}
{"level":"info","message":"Post obtido com sucesso!"}
{"level":"info","message":"Post obtido com sucesso!"}
{"level":"info","message":"Post obtido com sucesso!"}
{"level":"info","message":"Post obtido com sucesso!"}
{"level":"info","message":"Post obtido com sucesso!"}
{"level":"info","message":"Post obtido com sucesso!"}
{"level":"info","message":"Post obtido com sucesso!"}
{"level":"info","message":"Post obtido com sucesso!"}
{"level":"info","message":"Post obtido com sucesso!"}
{"level":"info","message":"Post obtido com sucesso!"}
{"level":"info","message":"Posts obtidos com sucesso!"}
{"level":"info","message":"Posts obtidos com sucesso!"}
{"level":"info","message":"Post obtido com sucesso!"}
{"level":"info","message":"Post obtido com sucesso!"}
{"level":"info","message":"Posts obtidos com sucesso!"}
{"level":"info","message":"Posts obtidos com sucesso!"}
{"level":"info","message":"Posts obtidos com sucesso!"}
{"level":"info","message":"Posts obtidos com sucesso!"}
{"level":"info","message":"Posts obtidos com sucesso!"}
{"level":"info","message":"Posts obtidos com sucesso!"}
{"level":"info","message":"Posts obtidos com sucesso!"}
{"level":"info","message":"Posts obtidos com sucesso!"}
{"level":"info","message":"Posts obtidos com sucesso!"}
{"level":"info","message":"Posts obtidos com sucesso!"}
{"level":"info","message":"Posts obtidos com sucesso!"}
{"level":"info","message":"Posts obtidos com sucesso!"}
{"level":"info","message":"Posts obtidos com sucesso!"}
{"level":"info","message":"Posts obtidos com sucesso!"}
{"level":"info","message":"Posts obtidos com sucesso!"}
{"level":"info","message":"Posts obtidos com sucesso!"}
{"level":"info","message":"Posts obtidos com sucesso!"}
{"level":"info","message":"Posts obtidos com sucesso!"}
{"level":"info","message":"Posts obtidos com sucesso!"}
{"level":"info","message":"Posts obtidos com sucesso!"}
{"level":"info","message":"Posts obtidos com sucesso!"}
{"level":"info","message":"Posts obtidos com sucesso!"}
{"level":"info","message":"Posts obtidos com sucesso!"}
{"level":"info","message":"Posts obtidos com sucesso!"}
{"level":"info","message":"Posts obtidos com sucesso!"}
{"level":"info","message":"Posts obtidos com sucesso!"}
{"level":"info","message":"Posts obtidos com sucesso!"}
{"level":"info","message":"Posts obtidos com sucesso!"}
{"level":"info","message":"Posts obtidos com sucesso!"}
{"level":"info","message":"Posts obtidos com sucesso!"}
{"level":"info","message":"Posts obtidos com sucesso!"}
{"level":"info","message":"Posts obtidos com sucesso!"}
{"level":"info","message":"Posts obtidos com sucesso!"}
{"level":"info","message":"Posts obtidos com sucesso!"}
{"level":"info","message":"Posts obtidos com sucesso!"}
{"level":"info","message":"Posts obtidos com sucesso!"}
{"level":"info","message":"Posts obtidos com sucesso!"}
{"level":"info","message":"Posts obtidos com sucesso!"}
{"level":"info","message":"Posts obtidos com sucesso!"}
{"level":"info","message":"Posts obtidos com sucesso!"}
{"level":"info","message":"Posts obtidos com sucesso!"}
{"level":"info","message":"Posts obtidos com sucesso!"}
{"level":"info","message":"Posts obtidos com sucesso!"}
{"level":"info","message":"Posts obtidos com sucesso!"}
{"level":"info","message":"Posts obtidos com sucesso!"}
{"level":"info","message":"Posts obtidos com sucesso!"}
{"level":"info","message":"Posts obtidos com sucesso!"}
{"level":"info","message":"Posts obtidos com sucesso!"}
{"level":"info","message":"Posts obtidos com sucesso!"}
{"level":"info","message":"Posts obtidos com sucesso!"}
{"level":"info","message":"Posts obtidos com sucesso!"}
{"level":"info","message":"Posts obtidos com sucesso!"}
{"level":"info","message":"Post obtido com sucesso!"}
{"level":"info","message":"Posts obtidos com sucesso!"}
{"level":"info","message":"Posts obtidos com sucesso!"}
{"level":"info","message":"Posts obtidos com sucesso!"}
{"level":"info","message":"Posts obtidos com sucesso!"}
{"level":"info","message":"Posts obtidos com sucesso!"}
{"level":"info","message":"Posts obtidos com sucesso!"}
{"level":"info","message":"Posts obtidos com sucesso!"}
{"level":"info","message":"Posts obtidos com sucesso!"}
{"level":"info","message":"Posts obtidos com sucesso!"}
{"level":"info","message":"Posts obtidos com sucesso!"}
{"level":"info","message":"Posts obtidos com sucesso!"}
{"level":"info","message":"Posts obtidos com sucesso!"}
{"level":"info","message":"Posts obtidos com sucesso!"}
{"level":"info","message":"Posts obtidos com sucesso!"}
{"level":"info","message":"Posts obtidos com sucesso!"}
{"level":"info","message":"Posts obtidos com sucesso!"}
{"level":"info","message":"Posts obtidos com sucesso!"}
{"level":"info","message":"Posts obtidos com sucesso!"}
{"level":"info","message":"Posts obtidos com sucesso!"}
{"level":"info","message":"Posts obtidos com sucesso!"}
{"level":"info","message":"Posts obtidos com sucesso!"}
{"level":"info","message":"Posts obtidos com sucesso!"}
{"level":"info","message":"Posts obtidos com sucesso!"}
{"level":"info","message":"Posts obtidos com sucesso!"}
{"level":"info","message":"Posts obtidos com sucesso!"}
{"level":"info","message":"Posts obtidos com sucesso!"}
{"level":"info","message":"Posts obtidos com sucesso!"}
{"level":"info","message":"Posts obtidos com sucesso!"}
{"level":"info","message":"Posts obtidos com sucesso!"}
{"level":"info","message":"Posts obtidos com sucesso!"}
{"level":"info","message":"Posts obtidos com sucesso!"}
{"level":"info","message":"Posts obtidos com sucesso!"}
{"level":"info","message":"Posts obtidos com sucesso!"}
{"level":"info","message":"Posts obtidos com sucesso!"}
{"level":"info","message":"Posts obtidos com sucesso!"}
{"level":"info","message":"Posts obtidos com sucesso!"}
{"level":"info","message":"Posts obtidos com sucesso!"}
{"level":"info","message":"Posts obtidos com sucesso!"}
{"level":"info","message":"Posts obtidos com sucesso!"}
{"level":"info","message":"Posts obtidos com sucesso!"}
{"level":"info","message":"Posts obtidos com sucesso!"}
{"level":"info","message":"Posts obtidos com sucesso!"}
{"level":"info","message":"Posts obtidos com sucesso!"}
{"level":"info","message":"Posts obtidos com sucesso!"}
{"level":"info","message":"Posts obtidos com sucesso!"}
{"level":"info","message":"Posts obtidos com sucesso!"}
{"level":"info","message":"Posts obtidos com sucesso!"}
{"level":"info","message":"Posts obtidos com sucesso!"}
{"level":"info","message":"Posts obtidos com sucesso!"}
{"level":"info","message":"Posts obtidos com sucesso!"}
{"level":"info","message":"Posts obtidos com sucesso!"}
{"level":"info","message":"Posts obtidos com sucesso!"}
{"level":"info","message":"Posts obtidos com sucesso!"}
{"level":"info","message":"Posts obtidos com sucesso!"}
{"level":"info","message":"Posts obtidos com sucesso!"}
{"level":"info","message":"Posts obtidos com sucesso!"}
{"level":"info","message":"Posts obtidos com sucesso!"}
{"level":"info","message":"Posts obtidos com sucesso!"}
{"level":"info","message":"Posts obtidos com sucesso!"}
{"level":"info","message":"Posts obtidos com sucesso!"}
{"level":"info","message":"Posts obtidos com sucesso!"}
{"level":"info","message":"Posts obtidos com sucesso!"}
{"level":"info","message":"Posts obtidos com sucesso!"}
{"level":"info","message":"Posts obtidos com sucesso!"}
{"error":{},"level":"error","message":"Falha ao obter posts"}
{"error":{},"level":"error","message":"Falha ao obter posts"}
{"level":"info","message":"Post obtido com sucesso!"}
{"error":{},"level":"error","message":"Falha ao obter post com o slug:","slug":"gerenciamento-de-estado-com-reduxs"}
{"error":{},"level":"error","message":"Falha ao obter post com o slug:","slug":"vuejs-para-iniciantess"}
{"error":{"clientVersion":"5.15.1","name":"PrismaClientInitializationError"},"level":"error","message":"Falha ao obter posts"}
{"error":{},"level":"error","message":"Falha ao obter post com o slug:","slug":"vuejs-para-iniciantess"}
